<?xml version="1.0" encoding="UTF-8"?>
<!-- Generated by org.testng.reporters.JUnitReportReporter -->
<testsuite skipped="0" hostname="DESKTOP-KRLAL0I" name="com.project.Automation.TC_002" tests="1" failures="0" timestamp="23 Nov 2018 03:44:41 GMT" time="16.781" errors="0">
  <testcase name="testCase1" time="16.781" classname="com.project.Automation.TC_002"/>
</testsuite> <!-- com.project.Automation.TC_002 -->
