<?xml version="1.0" encoding="UTF-8"?>
<!-- Generated by org.testng.reporters.JUnitReportReporter -->
<testsuite skipped="0" hostname="DESKTOP-KRLAL0I" name="com.project.Automation.TC_001" tests="1" failures="0" timestamp="15 Nov 2018 03:58:01 GMT" time="14.397" errors="0">
  <testcase name="f" time="14.397" classname="com.project.Automation.TC_001"/>
</testsuite> <!-- com.project.Automation.TC_001 -->
