<?xml version="1.0" encoding="UTF-8"?>
<!-- Generated by org.testng.reporters.JUnitReportReporter -->
<testsuite skipped="0" hostname="DESKTOP-KRLAL0I" name="com.project.Automation.TC_002" tests="1" failures="0" timestamp="21 Nov 2018 16:03:53 GMT" time="13.678" errors="0">
  <testcase name="testCase1" time="13.678" classname="com.project.Automation.TC_002"/>
</testsuite> <!-- com.project.Automation.TC_002 -->
