<?xml version="1.0" encoding="UTF-8"?>
<!-- Generated by org.testng.reporters.JUnitReportReporter -->
<testsuite skipped="0" hostname="DESKTOP-KRLAL0I" name="com.project.Automation.TC_003" tests="1" failures="0" timestamp="21 Nov 2018 16:07:19 GMT" time="26.475" errors="0">
  <testcase name="testCase1" time="26.475" classname="com.project.Automation.TC_003"/>
</testsuite> <!-- com.project.Automation.TC_003 -->
