<?xml version="1.0" encoding="UTF-8"?>
<!-- Generated by org.testng.reporters.JUnitReportReporter -->
<testsuite skipped="0" hostname="DESKTOP-KRLAL0I" name="com.project.Automation.TC_001" tests="1" failures="0" timestamp="16 Nov 2018 03:57:11 GMT" time="21.622" errors="0">
  <testcase name="AmazonSearch" time="21.622" classname="com.project.Automation.TC_001"/>
</testsuite> <!-- com.project.Automation.TC_001 -->
