<?xml version="1.0" encoding="UTF-8"?>
<!-- Generated by org.testng.reporters.JUnitReportReporter -->
<testsuite skipped="0" hostname="DESKTOP-KRLAL0I" name="com.project.Automation.TC_001" tests="1" failures="0" timestamp="22 Nov 2018 00:26:08 GMT" time="23.514" errors="0">
  <testcase name="AmazonSearch" time="23.514" classname="com.project.Automation.TC_001"/>
</testsuite> <!-- com.project.Automation.TC_001 -->
